d:\c++\socket_muti_thread_poject\processnum\x64\debug\vc141.pdb
d:\c++\socket_muti_thread_poject\processnum\x64\debug\qrc_processnum.obj
d:\c++\socket_muti_thread_poject\processnum\x64\debug\threadcontroler.obj
d:\c++\socket_muti_thread_poject\processnum\x64\debug\socketmanager.obj
d:\c++\socket_muti_thread_poject\processnum\x64\debug\main.obj
d:\c++\socket_muti_thread_poject\processnum\x64\debug\worker.obj
d:\c++\socket_muti_thread_poject\processnum\x64\debug\workertypespec.obj
d:\c++\socket_muti_thread_poject\processnum\x64\debug\processnumwindow.obj
d:\c++\socket_muti_thread_poject\processnum\x64\debug\mystrprocessor.obj
d:\c++\socket_muti_thread_poject\processnum\x64\debug\workerfactory.obj
d:\c++\socket_muti_thread_poject\processnum\x64\debug\moc_socketmanager.obj
d:\c++\socket_muti_thread_poject\processnum\x64\debug\moc_worker.obj
d:\c++\socket_muti_thread_poject\processnum\x64\debug\moc_threadcontroler.obj
d:\c++\socket_muti_thread_poject\processnum\x64\debug\moc_processnumwindow.obj
d:\c++\socket_muti_thread_poject\x64\debug\processnum.exe
d:\c++\socket_muti_thread_poject\x64\debug\processnum.ilk
d:\c++\socket_muti_thread_poject\x64\debug\processnum.pdb
d:\c++\socket_muti_thread_poject\processnum\x64\debug\moc\moc_processnumwindow.cpp
d:\c++\socket_muti_thread_poject\processnum\x64\debug\moc\moc_threadcontroler.cpp
d:\c++\socket_muti_thread_poject\processnum\x64\debug\moc\moc_worker.cpp
d:\c++\socket_muti_thread_poject\processnum\x64\debug\moc\moc_socketmanager.cpp
d:\c++\socket_muti_thread_poject\processnum\x64\debug\uic\ui_processnum.h
d:\c++\socket_muti_thread_poject\processnum\x64\debug\rcc\qrc_processnum.cpp
d:\c++\socket_muti_thread_poject\processnum\x64\debug\processnum.tlog\cl.command.1.tlog
d:\c++\socket_muti_thread_poject\processnum\x64\debug\processnum.tlog\cl.read.1.tlog
d:\c++\socket_muti_thread_poject\processnum\x64\debug\processnum.tlog\cl.write.1.tlog
d:\c++\socket_muti_thread_poject\processnum\x64\debug\processnum.tlog\link.command.1.tlog
d:\c++\socket_muti_thread_poject\processnum\x64\debug\processnum.tlog\link.read.1.tlog
d:\c++\socket_muti_thread_poject\processnum\x64\debug\processnum.tlog\link.write.1.tlog
d:\c++\socket_muti_thread_poject\processnum\x64\debug\processnum.tlog\moc.read.1u.tlog
d:\c++\socket_muti_thread_poject\processnum\x64\debug\processnum.tlog\moc.write.1u.tlog
d:\c++\socket_muti_thread_poject\processnum\x64\debug\processnum.tlog\processnum.write.1u.tlog
d:\c++\socket_muti_thread_poject\processnum\x64\debug\processnum.tlog\rcc.read.1u.tlog
d:\c++\socket_muti_thread_poject\processnum\x64\debug\processnum.tlog\rcc.write.1u.tlog
d:\c++\socket_muti_thread_poject\processnum\x64\debug\processnum.tlog\uic.read.1u.tlog
d:\c++\socket_muti_thread_poject\processnum\x64\debug\processnum.tlog\uic.write.1u.tlog
